[04-Oct-2023 05:49:44 America/Los_Angeles] cron start
[04-Oct-2023 05:49:44 America/Los_Angeles] cron end
[04-Oct-2023 05:50:03 America/Los_Angeles] 2023-10-04T05:50:03-07:00 [info] Deprecated: Optional parameter $id declared before required parameter $ticketFilter is implicitly treated as a required parameter
[04-Oct-2023 05:50:03 America/Los_Angeles] 2023-10-04T05:50:03-07:00 [info] Deprecated: Creation of dynamic property Leantime\Domain\Tickets\Models\Tickets::$milestoneHeadline is deprecated
[04-Oct-2023 05:50:03 America/Los_Angeles] 2023-10-04T05:50:03-07:00 [info] Deprecated: Creation of dynamic property Leantime\Domain\Tickets\Models\Tickets::$milestoneColor is deprecated
[04-Oct-2023 05:50:03 America/Los_Angeles] 2023-10-04T05:50:03-07:00 [info] Deprecated: Creation of dynamic property Leantime\Domain\Tickets\Models\Tickets::$editorProfileId is deprecated
[04-Oct-2023 05:50:03 America/Los_Angeles] 2023-10-04T05:50:03-07:00 [info] Deprecated: Creation of dynamic property Leantime\Domain\Tickets\Models\Tickets::$bookedHours is deprecated
[04-Oct-2023 05:50:03 America/Los_Angeles] 2023-10-04T05:50:03-07:00 [info] Deprecated: Creation of dynamic property Leantime\Domain\Tickets\Models\Tickets::$allTickets is deprecated
[04-Oct-2023 05:50:03 America/Los_Angeles] 2023-10-04T05:50:03-07:00 [info] Deprecated: Creation of dynamic property Leantime\Domain\Tickets\Models\Tickets::$percentDone is deprecated
[04-Oct-2023 05:50:06 America/Los_Angeles] 2023-10-04T05:50:06-07:00 [info] Deprecated: Optional parameter $id declared before required parameter $ticketFilter is implicitly treated as a required parameter
[04-Oct-2023 05:50:06 America/Los_Angeles] 2023-10-04T05:50:06-07:00 [info] Deprecated: Creation of dynamic property Leantime\Domain\Tickets\Models\Tickets::$milestoneHeadline is deprecated
[04-Oct-2023 05:50:06 America/Los_Angeles] 2023-10-04T05:50:06-07:00 [info] Deprecated: Creation of dynamic property Leantime\Domain\Tickets\Models\Tickets::$milestoneColor is deprecated
[04-Oct-2023 05:50:06 America/Los_Angeles] 2023-10-04T05:50:06-07:00 [info] Deprecated: Creation of dynamic property Leantime\Domain\Tickets\Models\Tickets::$editorProfileId is deprecated
[04-Oct-2023 05:50:06 America/Los_Angeles] 2023-10-04T05:50:06-07:00 [info] Deprecated: Creation of dynamic property Leantime\Domain\Tickets\Models\Tickets::$bookedHours is deprecated
[04-Oct-2023 05:50:06 America/Los_Angeles] 2023-10-04T05:50:06-07:00 [info] Deprecated: Creation of dynamic property Leantime\Domain\Tickets\Models\Tickets::$allTickets is deprecated
[04-Oct-2023 05:50:06 America/Los_Angeles] 2023-10-04T05:50:06-07:00 [info] Deprecated: Creation of dynamic property Leantime\Domain\Tickets\Models\Tickets::$percentDone is deprecated
[04-Oct-2023 05:50:11 America/Los_Angeles] 2023-10-04T05:50:11-07:00 [info] Deprecated: Optional parameter $id declared before required parameter $ticketFilter is implicitly treated as a required parameter
[04-Oct-2023 05:50:12 America/Los_Angeles] 2023-10-04T05:50:12-07:00 [info] Deprecated: Optional parameter $id declared before required parameter $ticketFilter is implicitly treated as a required parameter
[04-Oct-2023 05:50:12 America/Los_Angeles] 2023-10-04T05:50:12-07:00 [info] Deprecated: Creation of dynamic property Leantime\Domain\Tickets\Models\Tickets::$milestoneHeadline is deprecated
[04-Oct-2023 05:50:12 America/Los_Angeles] 2023-10-04T05:50:12-07:00 [info] Deprecated: Creation of dynamic property Leantime\Domain\Tickets\Models\Tickets::$milestoneColor is deprecated
[04-Oct-2023 05:50:12 America/Los_Angeles] 2023-10-04T05:50:12-07:00 [info] Deprecated: Creation of dynamic property Leantime\Domain\Tickets\Models\Tickets::$editorProfileId is deprecated
[04-Oct-2023 05:50:12 America/Los_Angeles] 2023-10-04T05:50:12-07:00 [info] Deprecated: Creation of dynamic property Leantime\Domain\Tickets\Models\Tickets::$bookedHours is deprecated
[04-Oct-2023 05:50:12 America/Los_Angeles] 2023-10-04T05:50:12-07:00 [info] Deprecated: Creation of dynamic property Leantime\Domain\Tickets\Models\Tickets::$allTickets is deprecated
[04-Oct-2023 05:50:12 America/Los_Angeles] 2023-10-04T05:50:12-07:00 [info] Deprecated: Creation of dynamic property Leantime\Domain\Tickets\Models\Tickets::$percentDone is deprecated
[04-Oct-2023 05:50:15 America/Los_Angeles] 2023-10-04T05:50:15-07:00 [info] Deprecated: Optional parameter $id declared before required parameter $ticketFilter is implicitly treated as a required parameter
[04-Oct-2023 05:51:17 America/Los_Angeles] 2023-10-04T05:51:17-07:00 [info] Deprecated: Optional parameter $id declared before required parameter $ticketFilter is implicitly treated as a required parameter
[04-Oct-2023 05:51:29 America/Los_Angeles] 2023-10-04T05:51:29-07:00 [info] Deprecated: Optional parameter $id declared before required parameter $ticketFilter is implicitly treated as a required parameter
[04-Oct-2023 05:51:29 America/Los_Angeles] 2023-10-04T05:51:29-07:00 [info] Deprecated: Creation of dynamic property Leantime\Domain\Tickets\Models\Tickets::$milestoneHeadline is deprecated
[04-Oct-2023 05:51:29 America/Los_Angeles] 2023-10-04T05:51:29-07:00 [info] Deprecated: Creation of dynamic property Leantime\Domain\Tickets\Models\Tickets::$milestoneColor is deprecated
[04-Oct-2023 05:51:29 America/Los_Angeles] 2023-10-04T05:51:29-07:00 [info] Deprecated: Creation of dynamic property Leantime\Domain\Tickets\Models\Tickets::$editorProfileId is deprecated
[04-Oct-2023 05:51:29 America/Los_Angeles] 2023-10-04T05:51:29-07:00 [info] Deprecated: Creation of dynamic property Leantime\Domain\Tickets\Models\Tickets::$bookedHours is deprecated
[04-Oct-2023 05:51:29 America/Los_Angeles] 2023-10-04T05:51:29-07:00 [info] Deprecated: Creation of dynamic property Leantime\Domain\Tickets\Models\Tickets::$allTickets is deprecated
[04-Oct-2023 05:51:29 America/Los_Angeles] 2023-10-04T05:51:29-07:00 [info] Deprecated: Creation of dynamic property Leantime\Domain\Tickets\Models\Tickets::$percentDone is deprecated
[04-Oct-2023 05:51:29 America/Los_Angeles] 2023-10-04T05:51:29-07:00 [info] Deprecated: Creation of dynamic property Leantime\Domain\Tickets\Models\Tickets::$milestoneHeadline is deprecated
[04-Oct-2023 05:51:29 America/Los_Angeles] 2023-10-04T05:51:29-07:00 [info] Deprecated: Creation of dynamic property Leantime\Domain\Tickets\Models\Tickets::$milestoneColor is deprecated
[04-Oct-2023 05:51:29 America/Los_Angeles] 2023-10-04T05:51:29-07:00 [info] Deprecated: Creation of dynamic property Leantime\Domain\Tickets\Models\Tickets::$editorProfileId is deprecated
[04-Oct-2023 05:51:29 America/Los_Angeles] 2023-10-04T05:51:29-07:00 [info] Deprecated: Creation of dynamic property Leantime\Domain\Tickets\Models\Tickets::$bookedHours is deprecated
[04-Oct-2023 05:51:29 America/Los_Angeles] 2023-10-04T05:51:29-07:00 [info] Deprecated: Creation of dynamic property Leantime\Domain\Tickets\Models\Tickets::$allTickets is deprecated
[04-Oct-2023 05:51:29 America/Los_Angeles] 2023-10-04T05:51:29-07:00 [info] Deprecated: Creation of dynamic property Leantime\Domain\Tickets\Models\Tickets::$percentDone is deprecated
[04-Oct-2023 05:51:30 America/Los_Angeles] 2023-10-04T05:51:30-07:00 [info] Deprecated: Optional parameter $id declared before required parameter $ticketFilter is implicitly treated as a required parameter
[04-Oct-2023 05:51:33 America/Los_Angeles] 2023-10-04T05:51:33-07:00 [info] Deprecated: Optional parameter $id declared before required parameter $ticketFilter is implicitly treated as a required parameter
[04-Oct-2023 05:51:52 America/Los_Angeles] 2023-10-04T05:51:52-07:00 [info] Deprecated: Optional parameter $id declared before required parameter $ticketFilter is implicitly treated as a required parameter
[04-Oct-2023 05:51:52 America/Los_Angeles] 2023-10-04T05:51:52-07:00 [info] Deprecated: Creation of dynamic property Leantime\Domain\Tickets\Models\Tickets::$milestoneHeadline is deprecated
[04-Oct-2023 05:51:52 America/Los_Angeles] 2023-10-04T05:51:52-07:00 [info] Deprecated: Creation of dynamic property Leantime\Domain\Tickets\Models\Tickets::$milestoneColor is deprecated
[04-Oct-2023 05:51:52 America/Los_Angeles] 2023-10-04T05:51:52-07:00 [info] Deprecated: Creation of dynamic property Leantime\Domain\Tickets\Models\Tickets::$editorProfileId is deprecated
[04-Oct-2023 05:51:52 America/Los_Angeles] 2023-10-04T05:51:52-07:00 [info] Deprecated: Creation of dynamic property Leantime\Domain\Tickets\Models\Tickets::$bookedHours is deprecated
[04-Oct-2023 05:51:52 America/Los_Angeles] 2023-10-04T05:51:52-07:00 [info] Deprecated: Creation of dynamic property Leantime\Domain\Tickets\Models\Tickets::$allTickets is deprecated
[04-Oct-2023 05:51:52 America/Los_Angeles] 2023-10-04T05:51:52-07:00 [info] Deprecated: Creation of dynamic property Leantime\Domain\Tickets\Models\Tickets::$percentDone is deprecated
[04-Oct-2023 05:52:57 America/Los_Angeles] 2023-10-04T05:52:57-07:00 [info] Deprecated: Optional parameter $id declared before required parameter $ticketFilter is implicitly treated as a required parameter
[04-Oct-2023 05:52:57 America/Los_Angeles] 2023-10-04T05:52:57-07:00 [info] Deprecated: Creation of dynamic property Leantime\Domain\Tickets\Models\Tickets::$milestoneHeadline is deprecated
[04-Oct-2023 05:52:57 America/Los_Angeles] 2023-10-04T05:52:57-07:00 [info] Deprecated: Creation of dynamic property Leantime\Domain\Tickets\Models\Tickets::$milestoneColor is deprecated
[04-Oct-2023 05:52:57 America/Los_Angeles] 2023-10-04T05:52:57-07:00 [info] Deprecated: Creation of dynamic property Leantime\Domain\Tickets\Models\Tickets::$editorProfileId is deprecated
[04-Oct-2023 05:52:57 America/Los_Angeles] 2023-10-04T05:52:57-07:00 [info] Deprecated: Creation of dynamic property Leantime\Domain\Tickets\Models\Tickets::$bookedHours is deprecated
[04-Oct-2023 05:52:57 America/Los_Angeles] 2023-10-04T05:52:57-07:00 [info] Deprecated: Creation of dynamic property Leantime\Domain\Tickets\Models\Tickets::$allTickets is deprecated
[04-Oct-2023 05:52:57 America/Los_Angeles] 2023-10-04T05:52:57-07:00 [info] Deprecated: Creation of dynamic property Leantime\Domain\Tickets\Models\Tickets::$percentDone is deprecated
[04-Oct-2023 05:56:55 America/Los_Angeles] cron start
[04-Oct-2023 05:56:55 America/Los_Angeles] cron end
[04-Oct-2023 06:06:32 America/Los_Angeles] 2023-10-04T06:06:32-07:00 [info] Deprecated: Optional parameter $id declared before required parameter $ticketFilter is implicitly treated as a required parameter
[04-Oct-2023 06:06:32 America/Los_Angeles] 2023-10-04T06:06:32-07:00 [info] Deprecated: Creation of dynamic property Leantime\Domain\Tickets\Models\Tickets::$milestoneHeadline is deprecated
[04-Oct-2023 06:06:32 America/Los_Angeles] 2023-10-04T06:06:32-07:00 [info] Deprecated: Creation of dynamic property Leantime\Domain\Tickets\Models\Tickets::$milestoneColor is deprecated
[04-Oct-2023 06:06:32 America/Los_Angeles] 2023-10-04T06:06:32-07:00 [info] Deprecated: Creation of dynamic property Leantime\Domain\Tickets\Models\Tickets::$editorProfileId is deprecated
[04-Oct-2023 06:06:32 America/Los_Angeles] 2023-10-04T06:06:32-07:00 [info] Deprecated: Creation of dynamic property Leantime\Domain\Tickets\Models\Tickets::$bookedHours is deprecated
[04-Oct-2023 06:06:32 America/Los_Angeles] 2023-10-04T06:06:32-07:00 [info] Deprecated: Creation of dynamic property Leantime\Domain\Tickets\Models\Tickets::$allTickets is deprecated
[04-Oct-2023 06:06:32 America/Los_Angeles] 2023-10-04T06:06:32-07:00 [info] Deprecated: Creation of dynamic property Leantime\Domain\Tickets\Models\Tickets::$percentDone is deprecated
[04-Oct-2023 06:06:33 America/Los_Angeles] cron start
[04-Oct-2023 06:06:33 America/Los_Angeles] cron end
[04-Oct-2023 06:06:34 America/Los_Angeles] 2023-10-04T06:06:34-07:00 [info] Deprecated: Optional parameter $id declared before required parameter $ticketFilter is implicitly treated as a required parameter
[04-Oct-2023 06:06:34 America/Los_Angeles] 2023-10-04T06:06:34-07:00 [info] Deprecated: Creation of dynamic property Leantime\Domain\Tickets\Models\Tickets::$milestoneHeadline is deprecated
[04-Oct-2023 06:06:34 America/Los_Angeles] 2023-10-04T06:06:34-07:00 [info] Deprecated: Creation of dynamic property Leantime\Domain\Tickets\Models\Tickets::$milestoneColor is deprecated
[04-Oct-2023 06:06:34 America/Los_Angeles] 2023-10-04T06:06:34-07:00 [info] Deprecated: Creation of dynamic property Leantime\Domain\Tickets\Models\Tickets::$editorProfileId is deprecated
[04-Oct-2023 06:06:34 America/Los_Angeles] 2023-10-04T06:06:34-07:00 [info] Deprecated: Creation of dynamic property Leantime\Domain\Tickets\Models\Tickets::$bookedHours is deprecated
[04-Oct-2023 06:06:34 America/Los_Angeles] 2023-10-04T06:06:34-07:00 [info] Deprecated: Creation of dynamic property Leantime\Domain\Tickets\Models\Tickets::$allTickets is deprecated
[04-Oct-2023 06:06:34 America/Los_Angeles] 2023-10-04T06:06:34-07:00 [info] Deprecated: Creation of dynamic property Leantime\Domain\Tickets\Models\Tickets::$percentDone is deprecated
[04-Oct-2023 06:06:36 America/Los_Angeles] 2023-10-04T06:06:36-07:00 [info] Deprecated: Optional parameter $id declared before required parameter $ticketFilter is implicitly treated as a required parameter
[04-Oct-2023 06:06:36 America/Los_Angeles] 2023-10-04T06:06:36-07:00 [info] Deprecated: Creation of dynamic property Leantime\Domain\Tickets\Models\Tickets::$milestoneHeadline is deprecated
[04-Oct-2023 06:06:36 America/Los_Angeles] 2023-10-04T06:06:36-07:00 [info] Deprecated: Creation of dynamic property Leantime\Domain\Tickets\Models\Tickets::$milestoneColor is deprecated
[04-Oct-2023 06:06:36 America/Los_Angeles] 2023-10-04T06:06:36-07:00 [info] Deprecated: Creation of dynamic property Leantime\Domain\Tickets\Models\Tickets::$editorProfileId is deprecated
[04-Oct-2023 06:06:36 America/Los_Angeles] 2023-10-04T06:06:36-07:00 [info] Deprecated: Creation of dynamic property Leantime\Domain\Tickets\Models\Tickets::$bookedHours is deprecated
[04-Oct-2023 06:06:36 America/Los_Angeles] 2023-10-04T06:06:36-07:00 [info] Deprecated: Creation of dynamic property Leantime\Domain\Tickets\Models\Tickets::$allTickets is deprecated
[04-Oct-2023 06:06:36 America/Los_Angeles] 2023-10-04T06:06:36-07:00 [info] Deprecated: Creation of dynamic property Leantime\Domain\Tickets\Models\Tickets::$percentDone is deprecated
[04-Oct-2023 06:06:57 America/Los_Angeles] PHP Warning:  session_start(): Failed to initialize storage module: redis (path: ) in /Volumes/Source/Sites/leantime-oss/app/Core/Session.php on line 82
[04-Oct-2023 06:06:58 America/Los_Angeles] PHP Warning:  session_start(): Failed to initialize storage module: redis (path: ) in /Volumes/Source/Sites/leantime-oss/app/Core/Session.php on line 82
[04-Oct-2023 06:06:58 America/Los_Angeles] 2023-10-04T06:06:58-07:00 [info] Deprecated: Optional parameter $id declared before required parameter $ticketFilter is implicitly treated as a required parameter
[04-Oct-2023 06:06:58 America/Los_Angeles] PHP Warning:  session_start(): Failed to initialize storage module: redis (path: ) in /Volumes/Source/Sites/leantime-oss/app/Core/Session.php on line 82
[04-Oct-2023 06:07:01 America/Los_Angeles] PHP Warning:  session_start(): Failed to initialize storage module: redis (path: ) in /Volumes/Source/Sites/leantime-oss/app/Core/Session.php on line 82
[04-Oct-2023 06:07:01 America/Los_Angeles] 2023-10-04T06:07:01-07:00 [info] Deprecated: Optional parameter $id declared before required parameter $ticketFilter is implicitly treated as a required parameter
[04-Oct-2023 06:07:02 America/Los_Angeles] PHP Warning:  session_start(): Failed to initialize storage module: redis (path: ) in /Volumes/Source/Sites/leantime-oss/app/Core/Session.php on line 82
[04-Oct-2023 06:08:56 America/Los_Angeles] PHP Warning:  session_start(): Failed to initialize storage module: redis (path: ) in /Volumes/Source/Sites/leantime-oss/app/Core/Session.php on line 82
[04-Oct-2023 06:08:57 America/Los_Angeles] 2023-10-04T06:08:57-07:00 [info] Deprecated: Optional parameter $id declared before required parameter $ticketFilter is implicitly treated as a required parameter
[04-Oct-2023 06:08:57 America/Los_Angeles] PHP Warning:  session_start(): Failed to initialize storage module: redis (path: ) in /Volumes/Source/Sites/leantime-oss/app/Core/Session.php on line 82
[04-Oct-2023 06:09:05 America/Los_Angeles] PHP Warning:  session_start(): Failed to initialize storage module: redis (path: ) in /Volumes/Source/Sites/leantime-oss/app/Core/Session.php on line 82
[04-Oct-2023 06:09:05 America/Los_Angeles] PHP Warning:  session_start(): Failed to initialize storage module: redis (path: ) in /Volumes/Source/Sites/leantime-oss/app/Core/Session.php on line 82
[04-Oct-2023 06:09:06 America/Los_Angeles] PHP Warning:  session_start(): Failed to initialize storage module: redis (path: ) in /Volumes/Source/Sites/leantime-oss/app/Core/Session.php on line 82
[04-Oct-2023 06:09:06 America/Los_Angeles] 2023-10-04T06:09:06-07:00 [info] Deprecated: Optional parameter $id declared before required parameter $ticketFilter is implicitly treated as a required parameter
[04-Oct-2023 06:09:06 America/Los_Angeles] PHP Warning:  session_start(): Failed to initialize storage module: redis (path: ) in /Volumes/Source/Sites/leantime-oss/app/Core/Session.php on line 82
[04-Oct-2023 06:09:13 America/Los_Angeles] PHP Warning:  session_start(): Failed to initialize storage module: redis (path: ) in /Volumes/Source/Sites/leantime-oss/app/Core/Session.php on line 82
[04-Oct-2023 06:09:13 America/Los_Angeles] PHP Warning:  session_start(): Failed to initialize storage module: redis (path: ) in /Volumes/Source/Sites/leantime-oss/app/Core/Session.php on line 82
[04-Oct-2023 06:09:14 America/Los_Angeles] PHP Warning:  session_start(): Failed to initialize storage module: redis (path: ) in /Volumes/Source/Sites/leantime-oss/app/Core/Session.php on line 82
[04-Oct-2023 06:09:14 America/Los_Angeles] 2023-10-04T06:09:14-07:00 [info] Deprecated: Optional parameter $id declared before required parameter $ticketFilter is implicitly treated as a required parameter
[04-Oct-2023 06:09:14 America/Los_Angeles] PHP Warning:  session_start(): Failed to initialize storage module: redis (path: ) in /Volumes/Source/Sites/leantime-oss/app/Core/Session.php on line 82
[04-Oct-2023 06:12:03 America/Los_Angeles] PHP Warning:  session_start(): Failed to initialize storage module: redis (path: ) in /Volumes/Source/Sites/leantime-oss/app/Core/Session.php on line 82
[04-Oct-2023 06:12:03 America/Los_Angeles] 2023-10-04T06:12:03-07:00 [info] Deprecated: Optional parameter $id declared before required parameter $ticketFilter is implicitly treated as a required parameter
[04-Oct-2023 06:12:03 America/Los_Angeles] PHP Warning:  session_start(): Failed to initialize storage module: redis (path: ) in /Volumes/Source/Sites/leantime-oss/app/Core/Session.php on line 82
[04-Oct-2023 06:12:09 America/Los_Angeles] PHP Warning:  session_start(): Failed to initialize storage module: redis (path: ) in /Volumes/Source/Sites/leantime-oss/app/Core/Session.php on line 82
[04-Oct-2023 06:12:09 America/Los_Angeles] PHP Warning:  session_start(): Failed to initialize storage module: redis (path: ) in /Volumes/Source/Sites/leantime-oss/app/Core/Session.php on line 82
[04-Oct-2023 06:12:10 America/Los_Angeles] PHP Warning:  session_start(): Failed to initialize storage module: redis (path: ) in /Volumes/Source/Sites/leantime-oss/app/Core/Session.php on line 82
[04-Oct-2023 06:12:10 America/Los_Angeles] 2023-10-04T06:12:10-07:00 [info] Deprecated: Optional parameter $id declared before required parameter $ticketFilter is implicitly treated as a required parameter
[04-Oct-2023 06:12:10 America/Los_Angeles] PHP Warning:  session_start(): Failed to initialize storage module: redis (path: ) in /Volumes/Source/Sites/leantime-oss/app/Core/Session.php on line 82
[04-Oct-2023 06:46:26 America/Los_Angeles] PHP Warning:  session_start(): Failed to initialize storage module: redis (path: ) in /Volumes/Source/Sites/leantime-oss/app/Core/Session.php on line 82
[04-Oct-2023 06:46:26 America/Los_Angeles] cron start
[04-Oct-2023 06:46:26 America/Los_Angeles] cron end
[04-Oct-2023 06:46:27 America/Los_Angeles] PHP Warning:  session_start(): Failed to initialize storage module: redis (path: ) in /Volumes/Source/Sites/leantime-oss/app/Core/Session.php on line 82
[04-Oct-2023 06:46:27 America/Los_Angeles] Last cron execution was on 2023-10-04 06:46:26 plz come back later
[04-Oct-2023 06:46:28 America/Los_Angeles] PHP Warning:  session_start(): Failed to initialize storage module: redis (path: ) in /Volumes/Source/Sites/leantime-oss/app/Core/Session.php on line 82
[04-Oct-2023 06:46:28 America/Los_Angeles] Last cron execution was on 2023-10-04 06:46:26 plz come back later
[04-Oct-2023 06:46:29 America/Los_Angeles] PHP Warning:  session_start(): Failed to initialize storage module: redis (path: ) in /Volumes/Source/Sites/leantime-oss/app/Core/Session.php on line 82
[04-Oct-2023 06:46:29 America/Los_Angeles] Last cron execution was on 2023-10-04 06:46:26 plz come back later
[04-Oct-2023 06:46:30 America/Los_Angeles] PHP Warning:  session_start(): Failed to initialize storage module: redis (path: ) in /Volumes/Source/Sites/leantime-oss/app/Core/Session.php on line 82
[04-Oct-2023 06:46:30 America/Los_Angeles] Last cron execution was on 2023-10-04 06:46:26 plz come back later
[04-Oct-2023 06:46:31 America/Los_Angeles] PHP Warning:  session_start(): Failed to initialize storage module: redis (path: ) in /Volumes/Source/Sites/leantime-oss/app/Core/Session.php on line 82
[04-Oct-2023 06:46:31 America/Los_Angeles] Last cron execution was on 2023-10-04 06:46:26 plz come back later
[04-Oct-2023 06:46:32 America/Los_Angeles] PHP Warning:  session_start(): Failed to initialize storage module: redis (path: ) in /Volumes/Source/Sites/leantime-oss/app/Core/Session.php on line 82
[04-Oct-2023 06:46:32 America/Los_Angeles] 2023-10-04T06:46:32-07:00 [info] Deprecated: Optional parameter $id declared before required parameter $ticketFilter is implicitly treated as a required parameter
[04-Oct-2023 06:46:33 America/Los_Angeles] PHP Warning:  session_start(): Failed to initialize storage module: redis (path: ) in /Volumes/Source/Sites/leantime-oss/app/Core/Session.php on line 82
[04-Oct-2023 06:46:35 America/Los_Angeles] PHP Warning:  session_start(): Failed to initialize storage module: redis (path: ) in /Volumes/Source/Sites/leantime-oss/app/Core/Session.php on line 82
[04-Oct-2023 06:46:36 America/Los_Angeles] 2023-10-04T06:46:36-07:00 [info] Deprecated: Optional parameter $id declared before required parameter $ticketFilter is implicitly treated as a required parameter
[04-Oct-2023 06:48:51 America/Los_Angeles] PHP Warning:  session_start(): Failed to initialize storage module: redis (path: ) in /Volumes/Source/Sites/leantime-oss/app/Core/Session.php on line 82
[04-Oct-2023 06:48:51 America/Los_Angeles] 2023-10-04T06:48:51-07:00 [info] Deprecated: Optional parameter $id declared before required parameter $ticketFilter is implicitly treated as a required parameter
[04-Oct-2023 06:48:56 America/Los_Angeles] PHP Warning:  session_start(): Failed to initialize storage module: redis (path: ) in /Volumes/Source/Sites/leantime-oss/app/Core/Session.php on line 82
[04-Oct-2023 06:49:26 America/Los_Angeles] PHP Warning:  session_start(): Failed to initialize storage module: redis (path: ) in /Volumes/Source/Sites/leantime-oss/app/Core/Session.php on line 82
[04-Oct-2023 06:49:26 America/Los_Angeles] 2023-10-04T06:49:26-07:00 [info] Deprecated: Optional parameter $id declared before required parameter $ticketFilter is implicitly treated as a required parameter
[04-Oct-2023 06:49:26 America/Los_Angeles] PHP Warning:  session_start(): Failed to initialize storage module: redis (path: ) in /Volumes/Source/Sites/leantime-oss/app/Core/Session.php on line 82
[04-Oct-2023 06:49:42 America/Los_Angeles] PHP Warning:  session_start(): Failed to initialize storage module: redis (path: ) in /Volumes/Source/Sites/leantime-oss/app/Core/Session.php on line 82
[04-Oct-2023 06:49:43 America/Los_Angeles] PHP Warning:  session_start(): Failed to initialize storage module: redis (path: ) in /Volumes/Source/Sites/leantime-oss/app/Core/Session.php on line 82
[04-Oct-2023 06:49:43 America/Los_Angeles] PHP Warning:  session_start(): Failed to initialize storage module: redis (path: ) in /Volumes/Source/Sites/leantime-oss/app/Core/Session.php on line 82
[04-Oct-2023 06:49:43 America/Los_Angeles] 2023-10-04T06:49:43-07:00 [info] Deprecated: Optional parameter $id declared before required parameter $ticketFilter is implicitly treated as a required parameter
[04-Oct-2023 06:49:44 America/Los_Angeles] PHP Warning:  session_start(): Failed to initialize storage module: redis (path: ) in /Volumes/Source/Sites/leantime-oss/app/Core/Session.php on line 82
[04-Oct-2023 06:51:23 America/Los_Angeles] PHP Warning:  session_start(): Failed to initialize storage module: redis (path: ) in /Volumes/Source/Sites/leantime-oss/app/Core/Session.php on line 82
[04-Oct-2023 06:51:23 America/Los_Angeles] 2023-10-04T06:51:23-07:00 [info] Deprecated: Optional parameter $id declared before required parameter $ticketFilter is implicitly treated as a required parameter
[04-Oct-2023 06:51:23 America/Los_Angeles] PHP Warning:  session_start(): Failed to initialize storage module: redis (path: ) in /Volumes/Source/Sites/leantime-oss/app/Core/Session.php on line 82
[04-Oct-2023 06:51:33 America/Los_Angeles] PHP Warning:  session_start(): Failed to initialize storage module: redis (path: ) in /Volumes/Source/Sites/leantime-oss/app/Core/Session.php on line 82
[04-Oct-2023 06:51:33 America/Los_Angeles] PHP Warning:  session_start(): Failed to initialize storage module: redis (path: ) in /Volumes/Source/Sites/leantime-oss/app/Core/Session.php on line 82
[04-Oct-2023 06:51:34 America/Los_Angeles] PHP Warning:  session_start(): Failed to initialize storage module: redis (path: ) in /Volumes/Source/Sites/leantime-oss/app/Core/Session.php on line 82
[04-Oct-2023 06:51:34 America/Los_Angeles] 2023-10-04T06:51:34-07:00 [info] Deprecated: Optional parameter $id declared before required parameter $ticketFilter is implicitly treated as a required parameter
[04-Oct-2023 06:51:34 America/Los_Angeles] PHP Warning:  session_start(): Failed to initialize storage module: redis (path: ) in /Volumes/Source/Sites/leantime-oss/app/Core/Session.php on line 82
[04-Oct-2023 06:56:35 America/Los_Angeles] PHP Warning:  session_start(): Failed to initialize storage module: redis (path: ) in /Volumes/Source/Sites/leantime-oss/app/Core/Session.php on line 82
[04-Oct-2023 06:56:35 America/Los_Angeles] cron start
[04-Oct-2023 06:56:35 America/Los_Angeles] cron end
[04-Oct-2023 07:01:35 America/Los_Angeles] PHP Warning:  session_start(): Failed to initialize storage module: redis (path: ) in /Volumes/Source/Sites/leantime-oss/app/Core/Session.php on line 82
[04-Oct-2023 07:01:35 America/Los_Angeles] cron start
[04-Oct-2023 07:01:35 America/Los_Angeles] cron end
[04-Oct-2023 07:06:35 America/Los_Angeles] PHP Warning:  session_start(): Failed to initialize storage module: redis (path: ) in /Volumes/Source/Sites/leantime-oss/app/Core/Session.php on line 82
[04-Oct-2023 07:06:35 America/Los_Angeles] cron start
[04-Oct-2023 07:06:35 America/Los_Angeles] cron end
[04-Oct-2023 07:11:35 America/Los_Angeles] PHP Warning:  session_start(): Failed to initialize storage module: redis (path: ) in /Volumes/Source/Sites/leantime-oss/app/Core/Session.php on line 82
[04-Oct-2023 07:11:35 America/Los_Angeles] cron start
[04-Oct-2023 07:11:35 America/Los_Angeles] cron end
[04-Oct-2023 07:16:43 America/Los_Angeles] PHP Warning:  session_start(): Failed to initialize storage module: redis (path: ) in /Volumes/Source/Sites/leantime-oss/app/Core/Session.php on line 82
[04-Oct-2023 07:16:43 America/Los_Angeles] cron start
[04-Oct-2023 07:16:43 America/Los_Angeles] cron end
[04-Oct-2023 07:21:43 America/Los_Angeles] PHP Warning:  session_start(): Failed to initialize storage module: redis (path: ) in /Volumes/Source/Sites/leantime-oss/app/Core/Session.php on line 82
[04-Oct-2023 07:21:43 America/Los_Angeles] cron start
[04-Oct-2023 07:21:43 America/Los_Angeles] cron end
